// Add new Accra landmarks 1755015619
// Fix distance calculation rounding 1755015619
// Add multiple route suggestions 1755015619
// Add multiple route suggestions 1755015619
// Refactor location data parsing 1755015619
// Add multiple route suggestions 1755015619
// Update map data 1755015619
// Improve error handling for missing nodes 1755015619
// Improve error handling for missing nodes 1755094772
// Enhance search performance 1755094772
// Add new Accra landmarks 1755094772
// Fix distance calculation rounding 1755094772
// Enhance search performance 1755094772
// Fix distance calculation rounding 1755094772
// Refactor location data parsing 1755181142
// Improve error handling for missing nodes 1755181142
// Add multiple route suggestions 1755181142
// Add shortest path visualization 1755181142
// Optimize Dijkstra implementation 1755181142
// Add multiple route suggestions 1755181142
// Update map data 1755181142
// Fix distance calculation rounding 1755181142
// Fix distance calculation rounding 1755181142
// Add multiple route suggestions 1755216734
// Improve CLI output formatting 1755216734
// Add new Accra landmarks 1755216734
// Add new Accra landmarks 1755216734
// Improve CLI output formatting 1755216734
// Add multiple route suggestions 1755216734
// Fix distance calculation rounding 1755216734
// Fix distance calculation rounding 1755267514
// Refactor location data parsing 1755267514
// Update map data 1755267514
// Add new Accra landmarks 1755267514
// Optimize Dijkstra implementation 1755353756
